Using pre-set license
Built from '2021.1/staging' branch; Version is '2021.1.13f1 (a03098edbbe0) revision 10498200'; Using compiler version '192528614'; Build Type 'Release'
OS: 'Windows 10 Home; OS build 19044.2604; Version 2009; 64bit' Language: 'de' Physical Memory: 32702 MB
BatchMode: 1, IsHumanControllingUs: 0, StartBugReporterOnCrash: 0, Is64bit: 1, IsPro: 0

 COMMAND LINE ARGUMENTS:
C:\Program Files\Unity\Hub\Editor\2021.1.13f1\Editor\Unity.exe
-adb2
-batchMode
-noUpm
-name
AssetImportWorker0
-projectPath
E:/nils/programmieren/fertig/C#/Unity/Benno
-logFile
Logs/AssetImportWorker0.log
-srvPort
52376
Successfully changed project path to: E:/nils/programmieren/fertig/C#/Unity/Benno
E:/nils/programmieren/fertig/C#/Unity/Benno
Using Asset Import Pipeline V2.
Refreshing native plugins compatible for Editor in 118.70 ms, found 4 plugins.
Preloading 0 native plugins for Editor in 0.00 ms.
Initialize engine version: 2021.1.13f1 (a03098edbbe0)
[Subsystems] Discovering subsystems at path C:/Program Files/Unity/Hub/Editor/2021.1.13f1/Editor/Data/Resources/UnitySubsystems
[Subsystems] Discovering subsystems at path E:/nils/programmieren/fertig/C#/Unity/Benno/Assets
GfxDevice: creating device client; threaded=0; jobified=0
Direct3D:
    Version:  Direct3D 11.0 [level 11.1]
    Renderer: NVIDIA GeForce GTX 1050 Ti (ID=0x1c82)
    Vendor:   NVIDIA
    VRAM:     4018 MB
    Driver:   31.0.15.1694
Initialize mono
Mono path[0] = 'C:/Program Files/Unity/Hub/Editor/2021.1.13f1/Editor/Data/Managed'
Mono path[1] = 'C:/Program Files/Unity/Hub/Editor/2021.1.13f1/Editor/Data/MonoBleedingEdge/lib/mono/unityjit'
Mono config path = 'C:/Program Files/Unity/Hub/Editor/2021.1.13f1/Editor/Data/MonoBleedingEdge/etc'
Using monoOptions --debugger-agent=transport=dt_socket,embedding=1,server=y,suspend=n,address=127.0.0.1:56304
Begin MonoManager ReloadAssembly
Registering precompiled unity dll's ...
Register platform support module: C:/Program Files/Unity/Hub/Editor/2021.1.13f1/Editor/Data/PlaybackEngines/WebGLSupport/UnityEditor.WebGL.Extensions.dll
Register platform support module: C:/Program Files/Unity/Hub/Editor/2021.1.13f1/Editor/Data/PlaybackEngines/WindowsStandaloneSupport/UnityEditor.WindowsStandalone.Extensions.dll
Registered in 0.002531 seconds.
Native extension for WindowsStandalone target not found
Native extension for WebGL target not found
Refreshing native plugins compatible for Editor in 120.59 ms, found 4 plugins.
Preloading 0 native plugins for Editor in 0.00 ms.
Mono: successfully reloaded assembly
- Completed reload, in  1.793 seconds
Domain Reload Profiling:
	ReloadAssembly (1794ms)
		BeginReloadAssembly (48ms)
			ExecutionOrderSort (0ms)
			DisableScriptedObjects (0ms)
			BackupInstance (0ms)
			ReleaseScriptingObjects (0ms)
			CreateAndSetChildDomain (1ms)
		EndReloadAssembly (496ms)
			LoadAssemblies (46ms)
			RebuildTransferFunctionScriptingTraits (0ms)
			SetupTypeCache (145ms)
			ReleaseScriptCaches (0ms)
			RebuildScriptCaches (27ms)
			SetupLoadedEditorAssemblies (282ms)
				LogAssemblyErrors (0ms)
				InitializePlatformSupportModulesInManaged (6ms)
				SetLoadedEditorAssemblies (0ms)
				RefreshPlugins (121ms)
				BeforeProcessingInitializeOnLoad (1ms)
				ProcessInitializeOnLoadAttributes (122ms)
				ProcessInitializeOnLoadMethodAttributes (32ms)
				AfterProcessingInitializeOnLoad (0ms)
				EditorAssembliesLoaded (0ms)
			ExecutionOrderSort2 (0ms)
			AwakeInstancesAfterBackupRestoration (0ms)
Platform modules already initialized, skipping
Registering precompiled user dll's ...
Registered in 0.007622 seconds.
Begin MonoManager ReloadAssembly
Symbol file LoadedFromMemory doesn't match image E:\nils\programmieren\fertig\C#\Unity\Benno\Library\PackageCache\com.unity.visualscripting@1.6.1\Editor\VisualScripting.Core\Dependencies\YamlDotNet\Unity.VisualScripting.YamlDotNet.dll
Symbol file LoadedFromMemory doesn't match image E:\nils\programmieren\fertig\C#\Unity\Benno\Library\PackageCache\com.unity.visualscripting@1.6.1\Editor\VisualScripting.Core\Dependencies\DotNetZip\Unity.VisualScripting.IonicZip.dll
Native extension for WindowsStandalone target not found
Native extension for WebGL target not found
Refreshing native plugins compatible for Editor in 122.67 ms, found 4 plugins.
Preloading 0 native plugins for Editor in 0.00 ms.
Mono: successfully reloaded assembly
- Completed reload, in  1.292 seconds
Domain Reload Profiling:
	ReloadAssembly (1292ms)
		BeginReloadAssembly (128ms)
			ExecutionOrderSort (0ms)
			DisableScriptedObjects (4ms)
			BackupInstance (0ms)
			ReleaseScriptingObjects (0ms)
			CreateAndSetChildDomain (17ms)
		EndReloadAssembly (1109ms)
			LoadAssemblies (87ms)
			RebuildTransferFunctionScriptingTraits (0ms)
			SetupTypeCache (378ms)
			ReleaseScriptCaches (1ms)
			RebuildScriptCaches (60ms)
			SetupLoadedEditorAssemblies (492ms)
				LogAssemblyErrors (0ms)
				InitializePlatformSupportModulesInManaged (4ms)
				SetLoadedEditorAssemblies (0ms)
				RefreshPlugins (123ms)
				BeforeProcessingInitializeOnLoad (99ms)
				ProcessInitializeOnLoadAttributes (245ms)
				ProcessInitializeOnLoadMethodAttributes (14ms)
				AfterProcessingInitializeOnLoad (7ms)
				EditorAssembliesLoaded (0ms)
			ExecutionOrderSort2 (0ms)
			AwakeInstancesAfterBackupRestoration (6ms)
Platform modules already initialized, skipping
========================================================================
Worker process is ready to serve import requests
Launched and connected shader compiler UnityShaderCompiler.exe after 0.05 seconds
Refreshing native plugins compatible for Editor in 0.94 ms, found 4 plugins.
Preloading 0 native plugins for Editor in 0.00 ms.
Unloading 5426 Unused Serialized files (Serialized files now loaded: 0)
System memory in use before: 213.7 MB.
System memory in use after: 214.2 MB.

Unloading 36 unused Assets to reduce memory usage. Loaded Objects now: 5882.
Total: 3.285100 ms (FindLiveObjects: 0.416400 ms CreateObjectMapping: 0.327200 ms MarkObjects: 2.512200 ms  DeleteObjects: 0.028100 ms)

AssetImportParameters requested are different than current active one (requested -> active):
  custom:framework-win-MediaFoundation: 216162199b28c13a410421893ffa2e32 -> 
  custom:video-decoder-ogg-theora: a1e56fd34408186e4bbccfd4996cb3dc -> 
  custom:container-muxer-webm: aa71ff27fc2769a1b78a27578f13a17b -> 
  custom:container-demuxer-webm: 4f35f7cbe854078d1ac9338744f61a02 -> 
  custom:container-demuxer-ogg: 62fdf1f143b41e24485cea50d1cbac27 -> 
  custom:video-encoder-webm-vp8: eb34c28f22e8b96e1ab97ce403110664 -> 
  custom:video-decoder-webm-vp8: 9c59270c3fd7afecdb556c50c9e8de78 -> 
  custom:audio-decoder-ogg-vorbis: bf7c407c2cedff20999df2af8eb42d56 -> 
  custom:audio-encoder-webm-vorbis: bf7c407c2cedff20999df2af8eb42d56 -> 
========================================================================
Received Import Request.
  path: Assets/Images/Characters/NPCs/Klasse/David/DavidSittingSheet.png
  artifactKey: Guid(bab5a868cb5184d42a3dc21ac0b2cb6c) Importer(815301076,1909f56bfc062723c751e8b465ee728b)
Start importing Assets/Images/Characters/NPCs/Klasse/David/DavidSittingSheet.png using Guid(bab5a868cb5184d42a3dc21ac0b2cb6c) Importer(815301076,1909f56bfc062723c751e8b465ee728b)  -> (artifact id: 'bf191cbc2834d9c4af3b1ac46427827c') in 0.138917 seconds 
========================================================================
Received Import Request.
  Time since last request: 2.883824 seconds.
  path: Assets/Images/Characters/NPCs/Klasse/David/DavidSittingSheet.png
  artifactKey: Guid(bab5a868cb5184d42a3dc21ac0b2cb6c) Importer(815301076,1909f56bfc062723c751e8b465ee728b)
Start importing Assets/Images/Characters/NPCs/Klasse/David/DavidSittingSheet.png using Guid(bab5a868cb5184d42a3dc21ac0b2cb6c) Importer(815301076,1909f56bfc062723c751e8b465ee728b)  -> (artifact id: 'ddd638e8e2549d6b22ac1092a552a3be') in 0.011729 seconds 
========================================================================
Received Import Request.
  Time since last request: 1185.618734 seconds.
  path: Assets/Images/Characters/NPCs/Klasse/Joshua
  artifactKey: Guid(981010ce7e75e3c41bd92ac8de00342d) Importer(815301076,1909f56bfc062723c751e8b465ee728b)
Start importing Assets/Images/Characters/NPCs/Klasse/Joshua using Guid(981010ce7e75e3c41bd92ac8de00342d) Importer(815301076,1909f56bfc062723c751e8b465ee728b)  -> (artifact id: '3c6832f2f0a6509b6fd1147ae2e8df24') in 0.005063 seconds 
========================================================================
Received Import Request.
  Time since last request: 0.046165 seconds.
  path: Assets/Images/Characters/NPCs/Klasse/Joshua/JoshuaSittingSheet.png
  artifactKey: Guid(9813ab32a97e4f54e8fefdd5491fdf9c) Importer(815301076,1909f56bfc062723c751e8b465ee728b)
Start importing Assets/Images/Characters/NPCs/Klasse/Joshua/JoshuaSittingSheet.png using Guid(9813ab32a97e4f54e8fefdd5491fdf9c) Importer(815301076,1909f56bfc062723c751e8b465ee728b)  -> (artifact id: '9bda7d60d2361f7d1b1e6bacf0fd3b99') in 0.013712 seconds 
========================================================================
Received Import Request.
  Time since last request: 0.000216 seconds.
  path: Assets/Images/Characters/NPCs/Klasse/Joshua/JoshuaWalkingSheet.png
  artifactKey: Guid(3052f75ac17997a428cc32006140140a) Importer(815301076,1909f56bfc062723c751e8b465ee728b)
Start importing Assets/Images/Characters/NPCs/Klasse/Joshua/JoshuaWalkingSheet.png using Guid(3052f75ac17997a428cc32006140140a) Importer(815301076,1909f56bfc062723c751e8b465ee728b)  -> (artifact id: '2a4d30cab105e1a1de51d2657e908629') in 0.011550 seconds 
========================================================================
Received Import Request.
  Time since last request: 5.527894 seconds.
  path: Assets/Images/Characters/NPCs/Klasse/Joshua/JoshuaSittingSheet.png
  artifactKey: Guid(9813ab32a97e4f54e8fefdd5491fdf9c) Importer(815301076,1909f56bfc062723c751e8b465ee728b)
Start importing Assets/Images/Characters/NPCs/Klasse/Joshua/JoshuaSittingSheet.png using Guid(9813ab32a97e4f54e8fefdd5491fdf9c) Importer(815301076,1909f56bfc062723c751e8b465ee728b)  -> (artifact id: 'd0a8b0a035f9a3a7ab018c2ee4824dcd') in 0.009053 seconds 
========================================================================
Received Import Request.
  Time since last request: 6.141818 seconds.
  path: Assets/Images/Characters/NPCs/Klasse/Joshua/JoshuaWalkingSheet.png
  artifactKey: Guid(3052f75ac17997a428cc32006140140a) Importer(815301076,1909f56bfc062723c751e8b465ee728b)
Start importing Assets/Images/Characters/NPCs/Klasse/Joshua/JoshuaWalkingSheet.png using Guid(3052f75ac17997a428cc32006140140a) Importer(815301076,1909f56bfc062723c751e8b465ee728b)  -> (artifact id: 'e15a20c099d415ee2123efa774feccd5') in 0.012602 seconds 
========================================================================
Received Prepare
Registering precompiled user dll's ...
Registered in 0.005106 seconds.
Begin MonoManager ReloadAssembly
Symbol file LoadedFromMemory doesn't match image E:\nils\programmieren\fertig\C#\Unity\Benno\Library\PackageCache\com.unity.visualscripting@1.6.1\Editor\VisualScripting.Core\Dependencies\YamlDotNet\Unity.VisualScripting.YamlDotNet.dll
Symbol file LoadedFromMemory doesn't match image E:\nils\programmieren\fertig\C#\Unity\Benno\Library\PackageCache\com.unity.visualscripting@1.6.1\Editor\VisualScripting.Core\Dependencies\DotNetZip\Unity.VisualScripting.IonicZip.dll
Native extension for WindowsStandalone target not found
Native extension for WebGL target not found
Refreshing native plugins compatible for Editor in 1.00 ms, found 4 plugins.
Preloading 0 native plugins for Editor in 0.00 ms.
Mono: successfully reloaded assembly
- Completed reload, in  1.081 seconds
Domain Reload Profiling:
	ReloadAssembly (1081ms)
		BeginReloadAssembly (111ms)
			ExecutionOrderSort (0ms)
			DisableScriptedObjects (6ms)
			BackupInstance (0ms)
			ReleaseScriptingObjects (0ms)
			CreateAndSetChildDomain (39ms)
		EndReloadAssembly (916ms)
			LoadAssemblies (83ms)
			RebuildTransferFunctionScriptingTraits (0ms)
			SetupTypeCache (358ms)
			ReleaseScriptCaches (1ms)
			RebuildScriptCaches (43ms)
			SetupLoadedEditorAssemblies (316ms)
				LogAssemblyErrors (0ms)
				InitializePlatformSupportModulesInManaged (5ms)
				SetLoadedEditorAssemblies (0ms)
				RefreshPlugins (1ms)
				BeforeProcessingInitializeOnLoad (71ms)
				ProcessInitializeOnLoadAttributes (223ms)
				ProcessInitializeOnLoadMethodAttributes (9ms)
				AfterProcessingInitializeOnLoad (6ms)
				EditorAssembliesLoaded (0ms)
			ExecutionOrderSort2 (0ms)
			AwakeInstancesAfterBackupRestoration (13ms)
Platform modules already initialized, skipping
Refreshing native plugins compatible for Editor in 0.96 ms, found 4 plugins.
Preloading 0 native plugins for Editor in 0.00 ms.
Unloading 5269 Unused Serialized files (Serialized files now loaded: 0)
System memory in use before: 208.5 MB.
System memory in use after: 208.9 MB.

Unloading 23 unused Assets to reduce memory usage. Loaded Objects now: 5980.
Total: 3.055800 ms (FindLiveObjects: 0.387400 ms CreateObjectMapping: 0.293600 ms MarkObjects: 2.358700 ms  DeleteObjects: 0.015400 ms)

AssetImportParameters requested are different than current active one (requested -> active):
  custom:framework-win-MediaFoundation: 216162199b28c13a410421893ffa2e32 -> 
  custom:video-decoder-ogg-theora: a1e56fd34408186e4bbccfd4996cb3dc -> 
  custom:container-muxer-webm: aa71ff27fc2769a1b78a27578f13a17b -> 
  custom:container-demuxer-webm: 4f35f7cbe854078d1ac9338744f61a02 -> 
  custom:container-demuxer-ogg: 62fdf1f143b41e24485cea50d1cbac27 -> 
  custom:video-encoder-webm-vp8: eb34c28f22e8b96e1ab97ce403110664 -> 
  custom:video-decoder-webm-vp8: 9c59270c3fd7afecdb556c50c9e8de78 -> 
  custom:audio-decoder-ogg-vorbis: bf7c407c2cedff20999df2af8eb42d56 -> 
  custom:audio-encoder-webm-vorbis: bf7c407c2cedff20999df2af8eb42d56 -> 
========================================================================
Received Prepare
Registering precompiled user dll's ...
Registered in 0.005073 seconds.
Begin MonoManager ReloadAssembly
Symbol file LoadedFromMemory doesn't match image E:\nils\programmieren\fertig\C#\Unity\Benno\Library\PackageCache\com.unity.visualscripting@1.6.1\Editor\VisualScripting.Core\Dependencies\YamlDotNet\Unity.VisualScripting.YamlDotNet.dll
Symbol file LoadedFromMemory doesn't match image E:\nils\programmieren\fertig\C#\Unity\Benno\Library\PackageCache\com.unity.visualscripting@1.6.1\Editor\VisualScripting.Core\Dependencies\DotNetZip\Unity.VisualScripting.IonicZip.dll
Native extension for WindowsStandalone target not found
Native extension for WebGL target not found
Refreshing native plugins compatible for Editor in 0.94 ms, found 4 plugins.
Preloading 0 native plugins for Editor in 0.00 ms.
Mono: successfully reloaded assembly
- Completed reload, in  1.073 seconds
Domain Reload Profiling:
	ReloadAssembly (1074ms)
		BeginReloadAssembly (106ms)
			ExecutionOrderSort (0ms)
			DisableScriptedObjects (7ms)
			BackupInstance (0ms)
			ReleaseScriptingObjects (0ms)
			CreateAndSetChildDomain (37ms)
		EndReloadAssembly (915ms)
			LoadAssemblies (83ms)
			RebuildTransferFunctionScriptingTraits (0ms)
			SetupTypeCache (358ms)
			ReleaseScriptCaches (2ms)
			RebuildScriptCaches (43ms)
			SetupLoadedEditorAssemblies (318ms)
				LogAssemblyErrors (0ms)
				InitializePlatformSupportModulesInManaged (5ms)
				SetLoadedEditorAssemblies (0ms)
				RefreshPlugins (1ms)
				BeforeProcessingInitializeOnLoad (72ms)
				ProcessInitializeOnLoadAttributes (224ms)
				ProcessInitializeOnLoadMethodAttributes (8ms)
				AfterProcessingInitializeOnLoad (7ms)
				EditorAssembliesLoaded (0ms)
			ExecutionOrderSort2 (0ms)
			AwakeInstancesAfterBackupRestoration (13ms)
Platform modules already initialized, skipping
Refreshing native plugins compatible for Editor in 0.91 ms, found 4 plugins.
Preloading 0 native plugins for Editor in 0.00 ms.
Unloading 5266 Unused Serialized files (Serialized files now loaded: 0)
System memory in use before: 208.4 MB.
System memory in use after: 208.9 MB.

Unloading 23 unused Assets to reduce memory usage. Loaded Objects now: 5983.
Total: 3.391200 ms (FindLiveObjects: 0.371700 ms CreateObjectMapping: 0.260600 ms MarkObjects: 2.741100 ms  DeleteObjects: 0.017000 ms)

AssetImportParameters requested are different than current active one (requested -> active):
  custom:framework-win-MediaFoundation: 216162199b28c13a410421893ffa2e32 -> 
  custom:video-decoder-ogg-theora: a1e56fd34408186e4bbccfd4996cb3dc -> 
  custom:container-muxer-webm: aa71ff27fc2769a1b78a27578f13a17b -> 
  custom:container-demuxer-webm: 4f35f7cbe854078d1ac9338744f61a02 -> 
  custom:container-demuxer-ogg: 62fdf1f143b41e24485cea50d1cbac27 -> 
  custom:video-encoder-webm-vp8: eb34c28f22e8b96e1ab97ce403110664 -> 
  custom:video-decoder-webm-vp8: 9c59270c3fd7afecdb556c50c9e8de78 -> 
  custom:audio-decoder-ogg-vorbis: bf7c407c2cedff20999df2af8eb42d56 -> 
  custom:audio-encoder-webm-vorbis: bf7c407c2cedff20999df2af8eb42d56 -> 
========================================================================
Received Import Request.
  Time since last request: 2167.330048 seconds.
  path: Assets/Images/Characters/NPCs/Klasse/Arturs
  artifactKey: Guid(70e3713f512daa446b70f1d22f3030fe) Importer(815301076,1909f56bfc062723c751e8b465ee728b)
Start importing Assets/Images/Characters/NPCs/Klasse/Arturs using Guid(70e3713f512daa446b70f1d22f3030fe) Importer(815301076,1909f56bfc062723c751e8b465ee728b)  -> (artifact id: '187739a4e51fda2b3bbb9d0870689278') in 0.011757 seconds 
========================================================================
Received Import Request.
  Time since last request: 0.050901 seconds.
  path: Assets/Images/Characters/NPCs/Klasse/Arturs/ArtursSittingSheet.png
  artifactKey: Guid(50915cd6b5bd7014fa7f0cd8cf7fd341) Importer(815301076,1909f56bfc062723c751e8b465ee728b)
Start importing Assets/Images/Characters/NPCs/Klasse/Arturs/ArtursSittingSheet.png using Guid(50915cd6b5bd7014fa7f0cd8cf7fd341) Importer(815301076,1909f56bfc062723c751e8b465ee728b)  -> (artifact id: 'db7b2f9a40a612acc7537461c54cb12e') in 0.053749 seconds 
========================================================================
Received Import Request.
  Time since last request: 0.000253 seconds.
  path: Assets/Images/Characters/NPCs/Klasse/Arturs/ArtursWalkingSheet.png
  artifactKey: Guid(b5c3c9ae898e7b842887ffb2c798e5b7) Importer(815301076,1909f56bfc062723c751e8b465ee728b)
Start importing Assets/Images/Characters/NPCs/Klasse/Arturs/ArtursWalkingSheet.png using Guid(b5c3c9ae898e7b842887ffb2c798e5b7) Importer(815301076,1909f56bfc062723c751e8b465ee728b)  -> (artifact id: '3119c3422bd4cb917a363fbc17aec6d1') in 0.020657 seconds 
========================================================================
Received Import Request.
  Time since last request: 6.479139 seconds.
  path: Assets/Images/Characters/NPCs/Klasse/Arturs/ArtursSittingSheet.png
  artifactKey: Guid(50915cd6b5bd7014fa7f0cd8cf7fd341) Importer(815301076,1909f56bfc062723c751e8b465ee728b)
Start importing Assets/Images/Characters/NPCs/Klasse/Arturs/ArtursSittingSheet.png using Guid(50915cd6b5bd7014fa7f0cd8cf7fd341) Importer(815301076,1909f56bfc062723c751e8b465ee728b)  -> (artifact id: '527988b7a6badac29c1fa29de588184f') in 0.017132 seconds 
========================================================================
Received Import Request.
  Time since last request: 55.384883 seconds.
  path: Assets/Images/Characters/NPCs/Klasse/Arturs/ArtursSittingSheet.png
  artifactKey: Guid(50915cd6b5bd7014fa7f0cd8cf7fd341) Importer(815301076,1909f56bfc062723c751e8b465ee728b)
Start importing Assets/Images/Characters/NPCs/Klasse/Arturs/ArtursSittingSheet.png using Guid(50915cd6b5bd7014fa7f0cd8cf7fd341) Importer(815301076,1909f56bfc062723c751e8b465ee728b)  -> (artifact id: 'a34a14786352f610adc00dd96190c925') in 0.014539 seconds 
========================================================================
Received Import Request.
  Time since last request: 6.263883 seconds.
  path: Assets/Images/Characters/NPCs/Klasse/Arturs/ArtursSittingSheet.png
  artifactKey: Guid(50915cd6b5bd7014fa7f0cd8cf7fd341) Importer(815301076,1909f56bfc062723c751e8b465ee728b)
Start importing Assets/Images/Characters/NPCs/Klasse/Arturs/ArtursSittingSheet.png using Guid(50915cd6b5bd7014fa7f0cd8cf7fd341) Importer(815301076,1909f56bfc062723c751e8b465ee728b)  -> (artifact id: '032031117efaeb2291f0361ac09b7f17') in 0.012009 seconds 
========================================================================
Received Import Request.
  Time since last request: 13.911259 seconds.
  path: Assets/Images/Characters/NPCs/Klasse/Arturs/ArtursSittingSheet.png
  artifactKey: Guid(50915cd6b5bd7014fa7f0cd8cf7fd341) Importer(815301076,1909f56bfc062723c751e8b465ee728b)
Start importing Assets/Images/Characters/NPCs/Klasse/Arturs/ArtursSittingSheet.png using Guid(50915cd6b5bd7014fa7f0cd8cf7fd341) Importer(815301076,1909f56bfc062723c751e8b465ee728b)  -> (artifact id: 'c14a31ced77830eda0d113117ab101f1') in 0.011649 seconds 
========================================================================
Received Import Request.
  Time since last request: 4.976237 seconds.
  path: Assets/Images/Characters/NPCs/Klasse/Arturs/ArtursSittingSheet.png
  artifactKey: Guid(50915cd6b5bd7014fa7f0cd8cf7fd341) Importer(815301076,1909f56bfc062723c751e8b465ee728b)
Start importing Assets/Images/Characters/NPCs/Klasse/Arturs/ArtursSittingSheet.png using Guid(50915cd6b5bd7014fa7f0cd8cf7fd341) Importer(815301076,1909f56bfc062723c751e8b465ee728b)  -> (artifact id: '99331a064b911e49f77fa12d43f2d32b') in 0.011179 seconds 
========================================================================
Received Import Request.
  Time since last request: 8.696314 seconds.
  path: Assets/Images/Characters/NPCs/Klasse/Arturs/ArtursSittingSheet.png
  artifactKey: Guid(50915cd6b5bd7014fa7f0cd8cf7fd341) Importer(815301076,1909f56bfc062723c751e8b465ee728b)
Start importing Assets/Images/Characters/NPCs/Klasse/Arturs/ArtursSittingSheet.png using Guid(50915cd6b5bd7014fa7f0cd8cf7fd341) Importer(815301076,1909f56bfc062723c751e8b465ee728b)  -> (artifact id: 'eaa4ef364566aa1b3b3326bdaa0c52cd') in 0.010417 seconds 
========================================================================
Received Import Request.
  Time since last request: 37.201350 seconds.
  path: Assets/Images/Characters/NPCs/Klasse/Arturs/ArtursSittingSheet.png
  artifactKey: Guid(50915cd6b5bd7014fa7f0cd8cf7fd341) Importer(815301076,1909f56bfc062723c751e8b465ee728b)
Start importing Assets/Images/Characters/NPCs/Klasse/Arturs/ArtursSittingSheet.png using Guid(50915cd6b5bd7014fa7f0cd8cf7fd341) Importer(815301076,1909f56bfc062723c751e8b465ee728b)  -> (artifact id: '83b455723903b8ff4370c50cfcbc028a') in 0.011879 seconds 
========================================================================
Received Import Request.
  Time since last request: 30.688202 seconds.
  path: Assets/Images/Characters/NPCs/Klasse/Arturs/ArtursSittingSheet.png
  artifactKey: Guid(50915cd6b5bd7014fa7f0cd8cf7fd341) Importer(815301076,1909f56bfc062723c751e8b465ee728b)
Start importing Assets/Images/Characters/NPCs/Klasse/Arturs/ArtursSittingSheet.png using Guid(50915cd6b5bd7014fa7f0cd8cf7fd341) Importer(815301076,1909f56bfc062723c751e8b465ee728b)  -> (artifact id: '7f8d7840caf77c04295d4167f09da37f') in 0.014586 seconds 
========================================================================
Received Import Request.
  Time since last request: 2404.395441 seconds.
  path: Assets/Images/Characters/NPCs/Klasse/Til
  artifactKey: Guid(f45dcf9b60c012b4b839585b8371d5c3) Importer(815301076,1909f56bfc062723c751e8b465ee728b)
Start importing Assets/Images/Characters/NPCs/Klasse/Til using Guid(f45dcf9b60c012b4b839585b8371d5c3) Importer(815301076,1909f56bfc062723c751e8b465ee728b)  -> (artifact id: '69822c86b1b62333725195e2b0ad5e76') in 0.008304 seconds 
========================================================================
Received Import Request.
  Time since last request: 1.126786 seconds.
  path: Assets/Images/Characters/NPCs/Klasse/Tore
  artifactKey: Guid(e65d56bc7579e9c42b874704a7ac9dd5) Importer(815301076,1909f56bfc062723c751e8b465ee728b)
Start importing Assets/Images/Characters/NPCs/Klasse/Tore using Guid(e65d56bc7579e9c42b874704a7ac9dd5) Importer(815301076,1909f56bfc062723c751e8b465ee728b)  -> (artifact id: 'b4def0799a8d2a43cd16c563e9cf0085') in 0.004483 seconds 
========================================================================
Received Import Request.
  Time since last request: 0.087775 seconds.
  path: Assets/Images/Characters/NPCs/Klasse/Tore/ToreSittingSheet.png
  artifactKey: Guid(a6541dfb1bd44a74eb89d35dcdb46667) Importer(815301076,1909f56bfc062723c751e8b465ee728b)
Start importing Assets/Images/Characters/NPCs/Klasse/Tore/ToreSittingSheet.png using Guid(a6541dfb1bd44a74eb89d35dcdb46667) Importer(815301076,1909f56bfc062723c751e8b465ee728b)  -> (artifact id: 'c7ff1f7d127d3a77fee75b4e04f2f452') in 0.014458 seconds 
========================================================================
Received Import Request.
  Time since last request: 0.000315 seconds.
  path: Assets/Images/Characters/NPCs/Klasse/Tore/ToreWalkingSheet.png
  artifactKey: Guid(d785498a0ddfec946abd9fd7850e8654) Importer(815301076,1909f56bfc062723c751e8b465ee728b)
Start importing Assets/Images/Characters/NPCs/Klasse/Tore/ToreWalkingSheet.png using Guid(d785498a0ddfec946abd9fd7850e8654) Importer(815301076,1909f56bfc062723c751e8b465ee728b)  -> (artifact id: '14bd3e5dde21e74c6a7043db25c74ebc') in 0.014221 seconds 
========================================================================
Received Import Request.
  Time since last request: 3.863039 seconds.
  path: Assets/Images/Characters/NPCs/Klasse/Tore/ToreWalkingSheet.png
  artifactKey: Guid(d785498a0ddfec946abd9fd7850e8654) Importer(815301076,1909f56bfc062723c751e8b465ee728b)
Start importing Assets/Images/Characters/NPCs/Klasse/Tore/ToreWalkingSheet.png using Guid(d785498a0ddfec946abd9fd7850e8654) Importer(815301076,1909f56bfc062723c751e8b465ee728b)  -> (artifact id: 'ecaf0c6289e16887821539ff3566c060') in 0.009948 seconds 
========================================================================
Received Import Request.
  Time since last request: 5.729360 seconds.
  path: Assets/Images/Characters/NPCs/Klasse/Tore/ToreSittingSheet.png
  artifactKey: Guid(a6541dfb1bd44a74eb89d35dcdb46667) Importer(815301076,1909f56bfc062723c751e8b465ee728b)
Start importing Assets/Images/Characters/NPCs/Klasse/Tore/ToreSittingSheet.png using Guid(a6541dfb1bd44a74eb89d35dcdb46667) Importer(815301076,1909f56bfc062723c751e8b465ee728b)  -> (artifact id: '46c783987da9b08d7bb71d20743b75db') in 0.012589 seconds 
========================================================================
Received Prepare
Registering precompiled user dll's ...
Registered in 0.005077 seconds.
Begin MonoManager ReloadAssembly
Symbol file LoadedFromMemory doesn't match image E:\nils\programmieren\fertig\C#\Unity\Benno\Library\PackageCache\com.unity.visualscripting@1.6.1\Editor\VisualScripting.Core\Dependencies\YamlDotNet\Unity.VisualScripting.YamlDotNet.dll
Symbol file LoadedFromMemory doesn't match image E:\nils\programmieren\fertig\C#\Unity\Benno\Library\PackageCache\com.unity.visualscripting@1.6.1\Editor\VisualScripting.Core\Dependencies\DotNetZip\Unity.VisualScripting.IonicZip.dll
Native extension for WindowsStandalone target not found
Native extension for WebGL target not found
Refreshing native plugins compatible for Editor in 1.13 ms, found 4 plugins.
Preloading 0 native plugins for Editor in 0.00 ms.
Mono: successfully reloaded assembly
- Completed reload, in  1.099 seconds
Domain Reload Profiling:
	ReloadAssembly (1100ms)
		BeginReloadAssembly (116ms)
			ExecutionOrderSort (0ms)
			DisableScriptedObjects (7ms)
			BackupInstance (0ms)
			ReleaseScriptingObjects (0ms)
			CreateAndSetChildDomain (39ms)
		EndReloadAssembly (929ms)
			LoadAssemblies (84ms)
			RebuildTransferFunctionScriptingTraits (0ms)
			SetupTypeCache (359ms)
			ReleaseScriptCaches (2ms)
			RebuildScriptCaches (45ms)
			SetupLoadedEditorAssemblies (323ms)
				LogAssemblyErrors (0ms)
				InitializePlatformSupportModulesInManaged (5ms)
				SetLoadedEditorAssemblies (0ms)
				RefreshPlugins (1ms)
				BeforeProcessingInitializeOnLoad (73ms)
				ProcessInitializeOnLoadAttributes (228ms)
				ProcessInitializeOnLoadMethodAttributes (8ms)
				AfterProcessingInitializeOnLoad (7ms)
				EditorAssembliesLoaded (0ms)
			ExecutionOrderSort2 (0ms)
			AwakeInstancesAfterBackupRestoration (15ms)
Platform modules already initialized, skipping
Refreshing native plugins compatible for Editor in 0.95 ms, found 4 plugins.
Preloading 0 native plugins for Editor in 0.00 ms.
Unloading 5270 Unused Serialized files (Serialized files now loaded: 0)
System memory in use before: 214.2 MB.
System memory in use after: 214.7 MB.

Unloading 23 unused Assets to reduce memory usage. Loaded Objects now: 6189.
Total: 3.520100 ms (FindLiveObjects: 0.669800 ms CreateObjectMapping: 0.352600 ms MarkObjects: 2.478500 ms  DeleteObjects: 0.018200 ms)

AssetImportParameters requested are different than current active one (requested -> active):
  custom:framework-win-MediaFoundation: 216162199b28c13a410421893ffa2e32 -> 
  custom:video-decoder-ogg-theora: a1e56fd34408186e4bbccfd4996cb3dc -> 
  custom:container-muxer-webm: aa71ff27fc2769a1b78a27578f13a17b -> 
  custom:container-demuxer-webm: 4f35f7cbe854078d1ac9338744f61a02 -> 
  custom:container-demuxer-ogg: 62fdf1f143b41e24485cea50d1cbac27 -> 
  custom:video-encoder-webm-vp8: eb34c28f22e8b96e1ab97ce403110664 -> 
  custom:video-decoder-webm-vp8: 9c59270c3fd7afecdb556c50c9e8de78 -> 
  custom:audio-decoder-ogg-vorbis: bf7c407c2cedff20999df2af8eb42d56 -> 
  custom:audio-encoder-webm-vorbis: bf7c407c2cedff20999df2af8eb42d56 -> 
========================================================================
Received Prepare
Refreshing native plugins compatible for Editor in 4.00 ms, found 4 plugins.
Preloading 0 native plugins for Editor in 0.00 ms.
Unloading 21 Unused Serialized files (Serialized files now loaded: 0)
System memory in use before: 110.3 MB.
System memory in use after: 110.8 MB.

Unloading 21 unused Assets to reduce memory usage. Loaded Objects now: 6189.
Total: 3.769100 ms (FindLiveObjects: 0.394600 ms CreateObjectMapping: 0.283600 ms MarkObjects: 3.075000 ms  DeleteObjects: 0.015000 ms)

AssetImportParameters requested are different than current active one (requested -> active):
  custom:framework-win-MediaFoundation: 216162199b28c13a410421893ffa2e32 -> 
  custom:video-decoder-ogg-theora: a1e56fd34408186e4bbccfd4996cb3dc -> 
  custom:container-muxer-webm: aa71ff27fc2769a1b78a27578f13a17b -> 
  custom:container-demuxer-webm: 4f35f7cbe854078d1ac9338744f61a02 -> 
  custom:container-demuxer-ogg: 62fdf1f143b41e24485cea50d1cbac27 -> 
  custom:video-encoder-webm-vp8: eb34c28f22e8b96e1ab97ce403110664 -> 
  custom:video-decoder-webm-vp8: 9c59270c3fd7afecdb556c50c9e8de78 -> 
  custom:audio-decoder-ogg-vorbis: bf7c407c2cedff20999df2af8eb42d56 -> 
  custom:audio-encoder-webm-vorbis: bf7c407c2cedff20999df2af8eb42d56 -> 
========================================================================
Received Prepare
Registering precompiled user dll's ...
Registered in 0.005339 seconds.
Begin MonoManager ReloadAssembly
Symbol file LoadedFromMemory doesn't match image E:\nils\programmieren\fertig\C#\Unity\Benno\Library\PackageCache\com.unity.visualscripting@1.6.1\Editor\VisualScripting.Core\Dependencies\YamlDotNet\Unity.VisualScripting.YamlDotNet.dll
Symbol file LoadedFromMemory doesn't match image E:\nils\programmieren\fertig\C#\Unity\Benno\Library\PackageCache\com.unity.visualscripting@1.6.1\Editor\VisualScripting.Core\Dependencies\DotNetZip\Unity.VisualScripting.IonicZip.dll
Native extension for WindowsStandalone target not found
Native extension for WebGL target not found
Refreshing native plugins compatible for Editor in 0.91 ms, found 4 plugins.
Preloading 0 native plugins for Editor in 0.00 ms.
Mono: successfully reloaded assembly
- Completed reload, in  1.104 seconds
Domain Reload Profiling:
	ReloadAssembly (1105ms)
		BeginReloadAssembly (118ms)
			ExecutionOrderSort (0ms)
			DisableScriptedObjects (8ms)
			BackupInstance (0ms)
			ReleaseScriptingObjects (0ms)
			CreateAndSetChildDomain (37ms)
		EndReloadAssembly (933ms)
			LoadAssemblies (88ms)
			RebuildTransferFunctionScriptingTraits (0ms)
			SetupTypeCache (356ms)
			ReleaseScriptCaches (2ms)
			RebuildScriptCaches (47ms)
			SetupLoadedEditorAssemblies (328ms)
				LogAssemblyErrors (0ms)
				InitializePlatformSupportModulesInManaged (5ms)
				SetLoadedEditorAssemblies (0ms)
				RefreshPlugins (1ms)
				BeforeProcessingInitializeOnLoad (72ms)
				ProcessInitializeOnLoadAttributes (234ms)
				ProcessInitializeOnLoadMethodAttributes (9ms)
				AfterProcessingInitializeOnLoad (6ms)
				EditorAssembliesLoaded (0ms)
			ExecutionOrderSort2 (0ms)
			AwakeInstancesAfterBackupRestoration (15ms)
Platform modules already initialized, skipping
Refreshing native plugins compatible for Editor in 0.95 ms, found 4 plugins.
Preloading 0 native plugins for Editor in 0.00 ms.
Unloading 5266 Unused Serialized files (Serialized files now loaded: 0)
System memory in use before: 214.1 MB.
System memory in use after: 214.6 MB.

Unloading 23 unused Assets to reduce memory usage. Loaded Objects now: 6192.
Total: 3.467200 ms (FindLiveObjects: 0.407000 ms CreateObjectMapping: 0.543000 ms MarkObjects: 2.496800 ms  DeleteObjects: 0.019600 ms)

AssetImportParameters requested are different than current active one (requested -> active):
  custom:framework-win-MediaFoundation: 216162199b28c13a410421893ffa2e32 -> 
  custom:video-decoder-ogg-theora: a1e56fd34408186e4bbccfd4996cb3dc -> 
  custom:container-muxer-webm: aa71ff27fc2769a1b78a27578f13a17b -> 
  custom:container-demuxer-webm: 4f35f7cbe854078d1ac9338744f61a02 -> 
  custom:container-demuxer-ogg: 62fdf1f143b41e24485cea50d1cbac27 -> 
  custom:video-encoder-webm-vp8: eb34c28f22e8b96e1ab97ce403110664 -> 
  custom:video-decoder-webm-vp8: 9c59270c3fd7afecdb556c50c9e8de78 -> 
  custom:audio-decoder-ogg-vorbis: bf7c407c2cedff20999df2af8eb42d56 -> 
  custom:audio-encoder-webm-vorbis: bf7c407c2cedff20999df2af8eb42d56 -> 
========================================================================
Received Prepare
Registering precompiled user dll's ...
Registered in 0.005169 seconds.
Begin MonoManager ReloadAssembly
Symbol file LoadedFromMemory doesn't match image E:\nils\programmieren\fertig\C#\Unity\Benno\Library\PackageCache\com.unity.visualscripting@1.6.1\Editor\VisualScripting.Core\Dependencies\YamlDotNet\Unity.VisualScripting.YamlDotNet.dll
Symbol file LoadedFromMemory doesn't match image E:\nils\programmieren\fertig\C#\Unity\Benno\Library\PackageCache\com.unity.visualscripting@1.6.1\Editor\VisualScripting.Core\Dependencies\DotNetZip\Unity.VisualScripting.IonicZip.dll
Native extension for WindowsStandalone target not found
Native extension for WebGL target not found
Refreshing native plugins compatible for Editor in 0.99 ms, found 4 plugins.
Preloading 0 native plugins for Editor in 0.00 ms.
Mono: successfully reloaded assembly
- Completed reload, in  1.079 seconds
Domain Reload Profiling:
	ReloadAssembly (1080ms)
		BeginReloadAssembly (104ms)
			ExecutionOrderSort (0ms)
			DisableScriptedObjects (8ms)
			BackupInstance (0ms)
			ReleaseScriptingObjects (0ms)
			CreateAndSetChildDomain (36ms)
		EndReloadAssembly (920ms)
			LoadAssemblies (84ms)
			RebuildTransferFunctionScriptingTraits (0ms)
			SetupTypeCache (355ms)
			ReleaseScriptCaches (2ms)
			RebuildScriptCaches (46ms)
			SetupLoadedEditorAssemblies (318ms)
				LogAssemblyErrors (0ms)
				InitializePlatformSupportModulesInManaged (5ms)
				SetLoadedEditorAssemblies (0ms)
				RefreshPlugins (1ms)
				BeforeProcessingInitializeOnLoad (73ms)
				ProcessInitializeOnLoadAttributes (223ms)
				ProcessInitializeOnLoadMethodAttributes (8ms)
				AfterProcessingInitializeOnLoad (6ms)
				EditorAssembliesLoaded (0ms)
			ExecutionOrderSort2 (0ms)
			AwakeInstancesAfterBackupRestoration (15ms)
Platform modules already initialized, skipping
Refreshing native plugins compatible for Editor in 1.03 ms, found 4 plugins.
Preloading 0 native plugins for Editor in 0.00 ms.
Unloading 5266 Unused Serialized files (Serialized files now loaded: 0)
System memory in use before: 213.9 MB.
System memory in use after: 214.4 MB.

Unloading 23 unused Assets to reduce memory usage. Loaded Objects now: 6195.
Total: 3.410700 ms (FindLiveObjects: 0.398700 ms CreateObjectMapping: 0.313400 ms MarkObjects: 2.675000 ms  DeleteObjects: 0.022300 ms)

AssetImportParameters requested are different than current active one (requested -> active):
  custom:framework-win-MediaFoundation: 216162199b28c13a410421893ffa2e32 -> 
  custom:video-decoder-ogg-theora: a1e56fd34408186e4bbccfd4996cb3dc -> 
  custom:container-muxer-webm: aa71ff27fc2769a1b78a27578f13a17b -> 
  custom:container-demuxer-webm: 4f35f7cbe854078d1ac9338744f61a02 -> 
  custom:container-demuxer-ogg: 62fdf1f143b41e24485cea50d1cbac27 -> 
  custom:video-encoder-webm-vp8: eb34c28f22e8b96e1ab97ce403110664 -> 
  custom:video-decoder-webm-vp8: 9c59270c3fd7afecdb556c50c9e8de78 -> 
  custom:audio-decoder-ogg-vorbis: bf7c407c2cedff20999df2af8eb42d56 -> 
  custom:audio-encoder-webm-vorbis: bf7c407c2cedff20999df2af8eb42d56 -> 
========================================================================
Received Prepare
Registering precompiled user dll's ...
Registered in 0.004965 seconds.
Begin MonoManager ReloadAssembly
Symbol file LoadedFromMemory doesn't match image E:\nils\programmieren\fertig\C#\Unity\Benno\Library\PackageCache\com.unity.visualscripting@1.6.1\Editor\VisualScripting.Core\Dependencies\YamlDotNet\Unity.VisualScripting.YamlDotNet.dll
Symbol file LoadedFromMemory doesn't match image E:\nils\programmieren\fertig\C#\Unity\Benno\Library\PackageCache\com.unity.visualscripting@1.6.1\Editor\VisualScripting.Core\Dependencies\DotNetZip\Unity.VisualScripting.IonicZip.dll
Native extension for WindowsStandalone target not found
Native extension for WebGL target not found
Refreshing native plugins compatible for Editor in 0.93 ms, found 4 plugins.
Preloading 0 native plugins for Editor in 0.00 ms.
Mono: successfully reloaded assembly
- Completed reload, in  1.098 seconds
Domain Reload Profiling:
	ReloadAssembly (1099ms)
		BeginReloadAssembly (107ms)
			ExecutionOrderSort (0ms)
			DisableScriptedObjects (8ms)
			BackupInstance (0ms)
			ReleaseScriptingObjects (0ms)
			CreateAndSetChildDomain (34ms)
		EndReloadAssembly (938ms)
			LoadAssemblies (90ms)
			RebuildTransferFunctionScriptingTraits (0ms)
			SetupTypeCache (360ms)
			ReleaseScriptCaches (2ms)
			RebuildScriptCaches (45ms)
			SetupLoadedEditorAssemblies (327ms)
				LogAssemblyErrors (0ms)
				InitializePlatformSupportModulesInManaged (5ms)
				SetLoadedEditorAssemblies (0ms)
				RefreshPlugins (1ms)
				BeforeProcessingInitializeOnLoad (73ms)
				ProcessInitializeOnLoadAttributes (231ms)
				ProcessInitializeOnLoadMethodAttributes (9ms)
				AfterProcessingInitializeOnLoad (7ms)
				EditorAssembliesLoaded (0ms)
			ExecutionOrderSort2 (0ms)
			AwakeInstancesAfterBackupRestoration (15ms)
Platform modules already initialized, skipping
Refreshing native plugins compatible for Editor in 0.92 ms, found 4 plugins.
Preloading 0 native plugins for Editor in 0.00 ms.
Unloading 5266 Unused Serialized files (Serialized files now loaded: 0)
System memory in use before: 214.1 MB.
System memory in use after: 214.6 MB.

Unloading 23 unused Assets to reduce memory usage. Loaded Objects now: 6198.
Total: 3.058600 ms (FindLiveObjects: 0.412300 ms CreateObjectMapping: 0.293200 ms MarkObjects: 2.332300 ms  DeleteObjects: 0.019900 ms)

AssetImportParameters requested are different than current active one (requested -> active):
  custom:framework-win-MediaFoundation: 216162199b28c13a410421893ffa2e32 -> 
  custom:video-decoder-ogg-theora: a1e56fd34408186e4bbccfd4996cb3dc -> 
  custom:container-muxer-webm: aa71ff27fc2769a1b78a27578f13a17b -> 
  custom:container-demuxer-webm: 4f35f7cbe854078d1ac9338744f61a02 -> 
  custom:container-demuxer-ogg: 62fdf1f143b41e24485cea50d1cbac27 -> 
  custom:video-encoder-webm-vp8: eb34c28f22e8b96e1ab97ce403110664 -> 
  custom:video-decoder-webm-vp8: 9c59270c3fd7afecdb556c50c9e8de78 -> 
  custom:audio-decoder-ogg-vorbis: bf7c407c2cedff20999df2af8eb42d56 -> 
  custom:audio-encoder-webm-vorbis: bf7c407c2cedff20999df2af8eb42d56 -> 
AssetImportWorkerClient::OnTransportError - code=2 error=End of file
